c:\users\gusta\documents\github\dv2551_projekt\vulkan\vulkan\x64\debug\vulkan.pch
c:\users\gusta\documents\github\dv2551_projekt\vulkan\vulkan\x64\debug\vc141.pdb
c:\users\gusta\documents\github\dv2551_projekt\vulkan\vulkan\x64\debug\vc141.idb
c:\users\gusta\documents\github\dv2551_projekt\vulkan\vulkan\x64\debug\pch.obj
c:\users\gusta\documents\github\dv2551_projekt\vulkan\vulkan\x64\debug\vulkan.obj
c:\users\gusta\documents\github\dv2551_projekt\vulkan\vulkan\x64\debug\terraingenerator.obj
d:\skola\dv2551 - 3d 3\dv2551_projekt\vulkan\vulkan\x64\debug\vulkan.pch
d:\skola\dv2551 - 3d 3\dv2551_projekt\vulkan\vulkan\x64\debug\vc141.pdb
d:\skola\dv2551 - 3d 3\dv2551_projekt\vulkan\vulkan\x64\debug\vc141.idb
d:\skola\dv2551 - 3d 3\dv2551_projekt\vulkan\vulkan\x64\debug\pch.obj
d:\skola\dv2551 - 3d 3\dv2551_projekt\vulkan\vulkan\x64\debug\vulkan.obj
d:\skola\dv2551 - 3d 3\dv2551_projekt\vulkan\vulkan\x64\debug\terraingenerator.obj
c:\users\gusta\documents\github\dv2551_projekt\vulkan\x64\debug\vulkan.exe
c:\users\gusta\documents\github\dv2551_projekt\vulkan\x64\debug\vulkan.ilk
c:\users\gusta\documents\github\dv2551_projekt\vulkan\x64\debug\vulkan.pdb
d:\skola\dv2551 - 3d 3\dv2551_projekt\vulkan\x64\debug\vulkan.pdb
d:\skola\dv2551 - 3d 3\dv2551_projekt\vulkan\vulkan\x64\debug\vulkan.tlog\cl.command.1.tlog
d:\skola\dv2551 - 3d 3\dv2551_projekt\vulkan\vulkan\x64\debug\vulkan.tlog\cl.read.1.tlog
d:\skola\dv2551 - 3d 3\dv2551_projekt\vulkan\vulkan\x64\debug\vulkan.tlog\cl.write.1.tlog
d:\skola\dv2551 - 3d 3\dv2551_projekt\vulkan\vulkan\x64\debug\vulkan.tlog\link.16532-cvtres.read.1.tlog
d:\skola\dv2551 - 3d 3\dv2551_projekt\vulkan\vulkan\x64\debug\vulkan.tlog\link.16532-cvtres.write.1.tlog
d:\skola\dv2551 - 3d 3\dv2551_projekt\vulkan\vulkan\x64\debug\vulkan.tlog\link.16532-rc.read.1.tlog
d:\skola\dv2551 - 3d 3\dv2551_projekt\vulkan\vulkan\x64\debug\vulkan.tlog\link.16532-rc.write.1.tlog
d:\skola\dv2551 - 3d 3\dv2551_projekt\vulkan\vulkan\x64\debug\vulkan.tlog\link.16532.read.1.tlog
d:\skola\dv2551 - 3d 3\dv2551_projekt\vulkan\vulkan\x64\debug\vulkan.tlog\link.16532.write.1.tlog
d:\skola\dv2551 - 3d 3\dv2551_projekt\vulkan\vulkan\x64\debug\vulkan.tlog\link.command.1.tlog
d:\skola\dv2551 - 3d 3\dv2551_projekt\vulkan\vulkan\x64\debug\vulkan.tlog\link.read.1.tlog
d:\skola\dv2551 - 3d 3\dv2551_projekt\vulkan\vulkan\x64\debug\vulkan.tlog\link.write.1.tlog
